[debug] [2024-02-08T10:31:34.481Z] ----------------------------------------------------------------------
[debug] [2024-02-08T10:31:34.484Z] Command:       C:\Program Files\nodejs\node.exe C:\Users\med\AppData\Roaming\npm\node_modules\firebase-tools\lib\bin\firebase.js init
[debug] [2024-02-08T10:31:34.485Z] CLI Version:   13.2.1
[debug] [2024-02-08T10:31:34.485Z] Platform:      win32
[debug] [2024-02-08T10:31:34.486Z] Node Version:  v18.17.1
[debug] [2024-02-08T10:31:34.487Z] Time:          Thu Feb 08 2024 11:31:34 GMT+0100 (UTC+01:00)
[debug] [2024-02-08T10:31:34.487Z] ----------------------------------------------------------------------
[debug] 
[debug] [2024-02-08T10:31:34.492Z] >>> [apiv2][query] GET https://firebase-public.firebaseio.com/cli.json [none]
[debug] [2024-02-08T10:31:34.555Z] > command requires scopes: ["email","openid","https://www.googleapis.com/auth/cloudplatformprojects.readonly","https://www.googleapis.com/auth/firebase","https://www.googleapis.com/auth/cloud-platform"]
[debug] [2024-02-08T10:31:34.556Z] > authorizing via signed-in user (mohamed.saoudi19821982@gmail.com)
[info] 
     ######## #### ########  ######## ########     ###     ######  ########
     ##        ##  ##     ## ##       ##     ##  ##   ##  ##       ##
     ######    ##  ########  ######   ########  #########  ######  ######
     ##        ##  ##    ##  ##       ##     ## ##     ##       ## ##
     ##       #### ##     ## ######## ########  ##     ##  ######  ########

You're about to initialize a Firebase project in this directory:

  C:\Users\med\Desktop\html

[debug] [2024-02-08T10:31:35.293Z] <<< [apiv2][status] GET https://firebase-public.firebaseio.com/cli.json 200
[debug] [2024-02-08T10:31:35.294Z] <<< [apiv2][body] GET https://firebase-public.firebaseio.com/cli.json {"cloudBuildErrorAfter":1594252800000,"cloudBuildWarnAfter":1590019200000,"defaultNode10After":1594252800000,"minVersion":"3.0.5","node8DeploysDisabledAfter":1613390400000,"node8RuntimeDisabledAfter":1615809600000,"node8WarnAfter":1600128000000}
